*** Starting uWSGI 2.0.18 (64bit) on [Wed Mar  4 21:19:51 2020] ***
compiled with version: 4.8.5 20150623 (Red Hat 4.8.5-39.0.3) on 03 March 2020 19:08:24
os: Linux-4.14.35-1902.7.3.el7uek.x86_64 #2 SMP Thu Oct 31 10:06:41 PDT 2019
nodename: awr-automation-tool
machine: x86_64
clock source: unix
pcre jit disabled
detected number of CPU cores: 2
current working directory: /home/opc/Desktop/nginxawrtool/p3_env/AWR
detected binary path: /usr/bin/uwsgi
*** WARNING: you are running uWSGI without its master process manager ***
your processes number limit is 4096
your memory page size is 4096 bytes
detected max file descriptor number: 1024
lock engine: pthread robust mutexes
thunder lock: disabled (you can enable it with --thunder-lock)
uwsgi socket 0 bound to TCP address 0.0.0.0:8000 fd 3
Python version: 2.7.5 (default, Dec  4 2019, 17:34:13)  [GCC 4.8.5 20150623 (Red Hat 4.8.5-39.0.1)]
*** Python threads support is disabled. You can enable it with --enable-threads ***
Python main interpreter initialized at 0x1cc8740
your server socket listen backlog is limited to 100 connections
your mercy for graceful operations on workers is 60 seconds
mapped 72920 bytes (71 KB) for 1 cores
*** Operational MODE: single process ***
WSGI app 0 (mountpoint='') ready in 0 seconds on interpreter 0x1cc8740 pid: 6498 (default app)
*** uWSGI is running in multiple interpreter mode ***
spawned uWSGI worker 1 (and the only) (pid: 6498, cores: 1)
[pid: 6498|app: 0|req: 1/1] 137.254.7.158 () {34 vars in 672 bytes} [Wed Mar  4 21:20:17 2020] GET / => generated 1919 bytes in 8 msecs (HTTP/1.1 200) 2 headers in 81 bytes (1 switches on core 0)
